<?xml version="1.0" encoding="UTF-8"?>
<coverage generated="1725355918938" clover="3.2.0">
  <project timestamp="1725355918938" name="All files">
    <metrics statements="8" coveredstatements="8" conditionals="9" coveredconditionals="9" methods="1" coveredmethods="1" elements="18" coveredelements="18" complexity="0" loc="8" ncloc="8" packages="1" files="1" classes="1"/>
    <file name="app.js" path="/Users/torarnebirkeland/Programmering/Github/2_klasse/DCST-2002/ov02_jest/app.js">
      <metrics statements="8" coveredstatements="8" conditionals="9" coveredconditionals="9" methods="1" coveredmethods="1"/>
      <line num="3" count="15" type="stmt"/>
      <line num="5" count="15" type="cond" truecount="2" falsecount="0"/>
      <line num="6" count="2" type="stmt"/>
      <line num="9" count="13" type="cond" truecount="4" falsecount="0"/>
      <line num="10" count="2" type="stmt"/>
      <line num="13" count="11" type="cond" truecount="3" falsecount="0"/>
      <line num="18" count="4" type="stmt"/>
      <line num="19" count="4" type="stmt"/>
    </file>
  </project>
</coverage>
