<?xml version="1.0" encoding="UTF-8"?>
<coverage generated="1725029799198" clover="3.2.0">
  <project timestamp="1725029799198" name="All files">
    <metrics statements="5" coveredstatements="4" conditionals="5" coveredconditionals="5" methods="1" coveredmethods="1" elements="11" coveredelements="10" complexity="0" loc="5" ncloc="5" packages="1" files="1" classes="1"/>
    <file name="app.js" path="C:\Users\toris\OneDrive\Skrivebord\Programmering\Skole\2.klasse\DCST-2002\ov02_jest\app.js">
      <metrics statements="5" coveredstatements="4" conditionals="5" coveredconditionals="5" methods="1" coveredmethods="1"/>
      <line num="3" count="12" type="cond" truecount="2" falsecount="0"/>
      <line num="4" count="2" type="stmt"/>
      <line num="7" count="10" type="stmt"/>
      <line num="8" count="10" type="cond" truecount="3" falsecount="0"/>
      <line num="12" count="0" type="stmt"/>
    </file>
  </project>
</coverage>
