{"C:\\Users\\toris\\OneDrive\\Skrivebord\\Programmering\\Skole\\2.klasse\\DCST-2002\\ov02_jest\\app.js": {"path":"C:\\Users\\toris\\OneDrive\\Skrivebord\\Programmering\\Skole\\2.klasse\\DCST-2002\\ov02_jest\\app.js","statementMap":{"0":{"start":{"line":3,"column":4},"end":{"line":5,"column":5}},"1":{"start":{"line":4,"column":8},"end":{"line":4,"column":96}},"2":{"start":{"line":7,"column":4},"end":{"line":13,"column":5}},"3":{"start":{"line":8,"column":8},"end":{"line":10,"column":34}},"4":{"start":{"line":12,"column":8},"end":{"line":12,"column":25}}},"fnMap":{"0":{"name":"isLeapYear","decl":{"start":{"line":2,"column":16},"end":{"line":2,"column":26}},"loc":{"start":{"line":2,"column":33},"end":{"line":14,"column":1}},"line":2}},"branchMap":{"0":{"loc":{"start":{"line":3,"column":4},"end":{"line":5,"column":5}},"type":"if","locations":[{"start":{"line":3,"column":4},"end":{"line":5,"column":5}},{"start":{},"end":{}}],"line":3},"1":{"loc":{"start":{"line":8,"column":15},"end":{"line":10,"column":33}},"type":"binary-expr","locations":[{"start":{"line":8,"column":16},"end":{"line":8,"column":30}},{"start":{"line":9,"column":16},"end":{"line":9,"column":33}},{"start":{"line":10,"column":16},"end":{"line":10,"column":32}}],"line":8}},"s":{"0":12,"1":2,"2":10,"3":10,"4":0},"f":{"0":12},"b":{"0":[2,10],"1":[10,6,6]},"_coverageSchema":"1a1c01bbd47fc00a2c39e90264f33305004495a9","hash":"369c7341efb45d95460183e1dc023469142876cb"}
}
