{"/Users/torarnebirkeland/Programmering/Github/2_klasse/DCST-2002/ov02_jest/app.js": {"path":"/Users/torarnebirkeland/Programmering/Github/2_klasse/DCST-2002/ov02_jest/app.js","statementMap":{"0":{"start":{"line":3,"column":4},"end":{"line":20,"column":5}},"1":{"start":{"line":5,"column":8},"end":{"line":7,"column":9}},"2":{"start":{"line":6,"column":12},"end":{"line":6,"column":100}},"3":{"start":{"line":9,"column":8},"end":{"line":11,"column":9}},"4":{"start":{"line":10,"column":12},"end":{"line":10,"column":83}},"5":{"start":{"line":13,"column":8},"end":{"line":15,"column":34}},"6":{"start":{"line":18,"column":8},"end":{"line":18,"column":33}},"7":{"start":{"line":19,"column":8},"end":{"line":19,"column":16}}},"fnMap":{"0":{"name":"isLeapYear","decl":{"start":{"line":2,"column":16},"end":{"line":2,"column":26}},"loc":{"start":{"line":2,"column":33},"end":{"line":21,"column":1}},"line":2}},"branchMap":{"0":{"loc":{"start":{"line":5,"column":8},"end":{"line":7,"column":9}},"type":"if","locations":[{"start":{"line":5,"column":8},"end":{"line":7,"column":9}},{"start":{},"end":{}}],"line":5},"1":{"loc":{"start":{"line":9,"column":8},"end":{"line":11,"column":9}},"type":"if","locations":[{"start":{"line":9,"column":8},"end":{"line":11,"column":9}},{"start":{},"end":{}}],"line":9},"2":{"loc":{"start":{"line":9,"column":12},"end":{"line":9,"column":47}},"type":"binary-expr","locations":[{"start":{"line":9,"column":12},"end":{"line":9,"column":25}},{"start":{"line":9,"column":29},"end":{"line":9,"column":47}}],"line":9},"3":{"loc":{"start":{"line":13,"column":15},"end":{"line":15,"column":33}},"type":"binary-expr","locations":[{"start":{"line":13,"column":16},"end":{"line":13,"column":30}},{"start":{"line":14,"column":16},"end":{"line":14,"column":32}},{"start":{"line":15,"column":16},"end":{"line":15,"column":32}}],"line":13}},"s":{"0":15,"1":15,"2":2,"3":13,"4":2,"5":11,"6":4,"7":4},"f":{"0":15},"b":{"0":[2,13],"1":[2,11],"2":[13,12],"3":[11,6,7]},"_coverageSchema":"1a1c01bbd47fc00a2c39e90264f33305004495a9","hash":"756d93c3b8249f1fa58fc9b1a5b79cc0b0366203"}
}
